<?xml version="1.0" encoding="UTF-8"?>
<!-- Generated by org.testng.reporters.JUnitXMLReporter -->
<testsuite hostname="Tarun" ignored="3" name="Test" tests="2" failures="0" timestamp="2023-02-21T16:15:43 IST" time="29.293" errors="0">
  <testcase name="dunzoshopping" time="15.908" classname="shopping.dunzo"/>
  <testcase name="foodie" time="13.304" classname="shopping.swiggy"/>
  <testcase name="meeshoshopping" time="0.0" classname="shopping.meesho">
    <ignored/>
  </testcase> <!-- meeshoshopping -->
  <testcase name="shoppyshopping" time="0.0" classname="shopping.shoppy">
    <ignored/>
  </testcase> <!-- shoppyshopping -->
  <testcase name="food" time="0.0" classname="shopping.zomato">
    <ignored/>
  </testcase> <!-- food -->
</testsuite> <!-- Test -->
